<?xml version="1.0" encoding="UTF-8"?>
<coverage generated="1584670856132" clover="3.2.0">
  <project timestamp="1584670856132" name="All files">
    <metrics statements="17" coveredstatements="16" conditionals="9" coveredconditionals="7" methods="2" coveredmethods="2" elements="28" coveredelements="25" complexity="0" loc="17" ncloc="17" packages="1" files="1" classes="1"/>
    <file name="input.js" path="/Users/henok/codefellows/401/note/lib/input.js">
      <metrics statements="17" coveredstatements="16" conditionals="9" coveredconditionals="7" methods="2" coveredmethods="2"/>
      <line num="3" count="1" type="stmt"/>
      <line num="7" count="5" type="stmt"/>
      <line num="8" count="5" type="stmt"/>
      <line num="9" count="5" type="stmt"/>
      <line num="11" count="5" type="stmt"/>
      <line num="12" count="8" type="stmt"/>
      <line num="13" count="8" type="stmt"/>
      <line num="14" count="8" type="cond" truecount="3" falsecount="0"/>
      <line num="17" count="2" type="stmt"/>
      <line num="18" count="2" type="stmt"/>
      <line num="20" count="6" type="stmt"/>
      <line num="25" count="5" type="cond" truecount="1" falsecount="1"/>
      <line num="26" count="5" type="cond" truecount="2" falsecount="0"/>
      <line num="27" count="2" type="cond" truecount="1" falsecount="1"/>
      <line num="29" count="2" type="stmt"/>
      <line num="31" count="0" type="stmt"/>
      <line num="77" count="1" type="stmt"/>
    </file>
  </project>
</coverage>
