{"/Users/henok/codefellows/401/note/lib/input.js": {"path":"/Users/henok/codefellows/401/note/lib/input.js","statementMap":{"0":{"start":{"line":9,"column":17},"end":{"line":9,"column":36}},"1":{"start":{"line":13,"column":18},"end":{"line":13,"column":32}},"2":{"start":{"line":16,"column":21},"end":{"line":16,"column":43}},"3":{"start":{"line":18,"column":14},"end":{"line":18,"column":38}},"4":{"start":{"line":21,"column":2},"end":{"line":25,"column":3}},"5":{"start":{"line":21,"column":15},"end":{"line":21,"column":16}},"6":{"start":{"line":22,"column":14},"end":{"line":22,"column":29}},"7":{"start":{"line":23,"column":14},"end":{"line":23,"column":38}},"8":{"start":{"line":24,"column":4},"end":{"line":24,"column":42}},"9":{"start":{"line":26,"column":2},"end":{"line":26,"column":20}},"10":{"start":{"line":29,"column":0},"end":{"line":31,"column":1}},"11":{"start":{"line":38,"column":0},"end":{"line":38,"column":23}}},"fnMap":{"0":{"name":"Input","decl":{"start":{"line":11,"column":9},"end":{"line":11,"column":14}},"loc":{"start":{"line":11,"column":21},"end":{"line":28,"column":1}},"line":11},"1":{"name":"(anonymous_1)","decl":{"start":{"line":29,"column":24},"end":{"line":29,"column":25}},"loc":{"start":{"line":29,"column":36},"end":{"line":31,"column":1}},"line":29}},"branchMap":{},"s":{"0":1,"1":5,"2":5,"3":5,"4":5,"5":5,"6":8,"7":8,"8":8,"9":5,"10":1,"11":1},"f":{"0":5,"1":5},"b":{},"_coverageSchema":"1a1c01bbd47fc00a2c39e90264f33305004495a9","hash":"a6673f397329da026ea5c21cd5a364cf548cd1be"}
}
