{"/Users/henok/codefellows/401/note/lib/input.js": {"path":"/Users/henok/codefellows/401/note/lib/input.js","statementMap":{"0":{"start":{"line":9,"column":17},"end":{"line":9,"column":36}},"1":{"start":{"line":12,"column":18},"end":{"line":12,"column":32}},"2":{"start":{"line":13,"column":2},"end":{"line":13,"column":25}},"3":{"start":{"line":15,"column":2},"end":{"line":15,"column":20}},"4":{"start":{"line":25,"column":0},"end":{"line":25,"column":23}}},"fnMap":{"0":{"name":"Input","decl":{"start":{"line":11,"column":9},"end":{"line":11,"column":14}},"loc":{"start":{"line":11,"column":21},"end":{"line":18,"column":1}},"line":11}},"branchMap":{},"s":{"0":1,"1":0,"2":0,"3":0,"4":1},"f":{"0":0},"b":{},"_coverageSchema":"1a1c01bbd47fc00a2c39e90264f33305004495a9","hash":"4bdae17ddcc54288d9d8e726c7e5eaf690cd6736"}
}
